<?xml version="1.0" encoding="UTF-8"?>
<testsuite xmlns:xsi="http://www.w3.org/2001/XMLSchema-instance" xsi:noNamespaceSchemaLocation="https://maven.apache.org/surefire/maven-surefire-plugin/xsd/surefire-test-report-3.0.xsd" version="3.0" name="vn.tayjava.TayJavaApplicationTests" time="15.318" tests="1" errors="0" skipped="0" failures="0">
  <properties>
[...]
</properties>
  <testcase name="contextLoads" classname="vn.tayjava.TayJavaApplicationTests" time="3.579">
    <system-out><![CDATA[11:01:24.757 [main] INFO org.springframework.test.context.support.AnnotationConfigContextLoaderUtils -- Could not detect default configuration classes for test class [vn.tayjava.TayJavaApplicationTests]: TayJavaApplicationTests does not declare any static, non-private, non-final, nested classes annotated with @Configuration.
11:01:25.226 [main] INFO org.springframework.boot.test.context.SpringBootTestContextBootstrapper -- Found @SpringBootConfiguration vn.tayjava.TayJavaApplication for test class vn.tayjava.TayJavaApplicationTests
11:01:25.932 [main] INFO org.springframework.boot.devtools.restart.RestartApplicationListener -- Restart disabled due to context in which it is running
 __ __|                  |
    |   _` |  |   |      |   _` | \ \   /  _` |  \ \   /  __ \
    |  (   |  |   |  \   |  (   |  \ \ /  (   |   \ \ /   |   |
   _| \__,_| \__, | \___/  \__,_|   \_/  \__,_| _) \_/   _|  _|
             ____/ Lập Trình Java Từ A-Z

Website: https://tayjava.vn
Youtube: https://www.youtube.com/@tayjava
Tiktok: https://www.tiktok.com/@tayjava.vn
---
2024-07-13T11:01:27.316+07:00  INFO 7048 --- [tay-java] [           main] vn.tayjava.TayJavaApplicationTests       : Starting TayJavaApplicationTests using Java 21.0.1 with PID 7048 (started by Hi in D:\WEB\LEARNING\DB_DESIGN_ENV\VirtualEnv\tayjava-sample-code)
2024-07-13T11:01:27.328+07:00  INFO 7048 --- [tay-java] [           main] vn.tayjava.TayJavaApplicationTests       : The following 1 profile is active: "dev"
2024-07-13T11:01:35.863+07:00  INFO 7048 --- [tay-java] [           main] vn.tayjava.TayJavaApplicationTests       : Started TayJavaApplicationTests in 10.013 seconds (process running for 13.146)
]]></system-out>
    <system-err><![CDATA[WARNING: A Java agent has been loaded dynamically (C:\Users\Hi\.m2\repository\net\bytebuddy\byte-buddy-agent\1.14.12\byte-buddy-agent-1.14.12.jar)
WARNING: If a serviceability tool is in use, please run with -XX:+EnableDynamicAgentLoading to hide this warning
WARNING: If a serviceability tool is not in use, please run with -Djdk.instrument.traceUsage for more information
WARNING: Dynamic loading of agents will be disallowed by default in a future release
]]></system-err>
  </testcase>
</testsuite>